# JRE version: Java(TM) SE Runtime Environment (17.0.8+9) (build 17.0.8+9-LTS-211)
# Java VM: Java HotSpot(TM) 64-Bit Server VM (17.0.8+9-LTS-211, mixed mode, sharing, tiered, compressed oops, compressed class ptrs, g1 gc, windows-amd64)
GC Precious Log:
 CPUs: 4 total, 4 available
 Memory: 7915M
 Large Page Support: Disabled
 NUMA Support: Disabled
 Compressed Oops: Enabled (32-bit)
 Heap Region Size: 1M
 Heap Min Capacity: 8M
 Heap Initial Capacity: 124M
 Heap Max Capacity: 1980M
 Pre-touch: Disabled
 Parallel Workers: 4
 Concurrent Workers: 1
 Concurrent Refinement Workers: 4
 Periodic GC: Disabled
Heap:
 garbage-first heap   total 51200K, used 37250K [0x0000000084400000, 0x0000000100000000)
  region size 1024K, 16 young (16384K), 3 survivors (3072K)
 Metaspace       used 58609K, committed 59136K, reserved 1114112K
  class space    used 7990K, committed 8192K, reserved 1048576K
GC Heap History (20 events):
Event: 3.099 GC heap before
{Heap before GC invocations=5 (full 0):
 garbage-first heap   total 51200K, used 38897K [0x0000000084400000, 0x0000000100000000)
  region size 1024K, 33 young (33792K), 7 survivors (7168K)
 Metaspace       used 25208K, committed 25600K, reserved 1114112K
  class space    used 3149K, committed 3328K, reserved 1048576K
}
Event: 3.105 GC heap after
{Heap after GC invocations=6 (full 0):
 garbage-first heap   total 51200K, used 14886K [0x0000000084400000, 0x0000000100000000)
  region size 1024K, 6 young (6144K), 6 survivors (6144K)
 Metaspace       used 25208K, committed 25600K, reserved 1114112K
  class space    used 3149K, committed 3328K, reserved 1048576K
}
Event: 3.151 GC heap before
{Heap before GC invocations=6 (full 0):
 garbage-first heap   total 51200K, used 15910K [0x0000000084400000, 0x0000000100000000)
  region size 1024K, 7 young (7168K), 6 survivors (6144K)
 Metaspace       used 25286K, committed 25664K, reserved 1114112K
  class space    used 3158K, committed 3328K, reserved 1048576K
}
Event: 3.157 GC heap after
{Heap after GC invocations=7 (full 0):
 garbage-first heap   total 51200K, used 15064K [0x0000000084400000, 0x0000000100000000)
  region size 1024K, 1 young (1024K), 1 survivors (1024K)
 Metaspace       used 25286K, committed 25664K, reserved 1114112K
  class space    used 3158K, committed 3328K, reserved 1048576K
}
Event: 3.768 GC heap before
{Heap before GC invocations=7 (full 0):
 garbage-first heap   total 51200K, used 35544K [0x0000000084400000, 0x0000000100000000)
  region size 1024K, 21 young (21504K), 1 survivors (1024K)
 Metaspace       used 28842K, committed 29248K, reserved 1114112K
  class space    used 3666K, committed 3840K, reserved 1048576K
}
Event: 3.771 GC heap after
{Heap after GC invocations=8 (full 0):
 garbage-first heap   total 51200K, used 16815K [0x0000000084400000, 0x0000000100000000)
  region size 1024K, 3 young (3072K), 3 survivors (3072K)
 Metaspace       used 28842K, committed 29248K, reserved 1114112K
  class space    used 3666K, committed 3840K, reserved 1048576K
}
Event: 4.227 GC heap before
{Heap before GC invocations=8 (full 0):
 garbage-first heap   total 51200K, used 35247K [0x0000000084400000, 0x0000000100000000)
  region size 1024K, 22 young (22528K), 3 survivors (3072K)
 Metaspace       used 31645K, committed 32128K, reserved 1114112K
  class space    used 4016K, committed 4288K, reserved 1048576K
}
Event: 4.230 GC heap after
{Heap after GC invocations=9 (full 0):
 garbage-first heap   total 51200K, used 17732K [0x0000000084400000, 0x0000000100000000)
  region size 1024K, 2 young (2048K), 2 survivors (2048K)
 Metaspace       used 31645K, committed 32128K, reserved 1114112K
  class space    used 4016K, committed 4288K, reserved 1048576K
}
Event: 4.806 GC heap before
{Heap before GC invocations=9 (full 0):
 garbage-first heap   total 51200K, used 33092K [0x0000000084400000, 0x0000000100000000)
  region size 1024K, 18 young (18432K), 2 survivors (2048K)
 Metaspace       used 35566K, committed 35968K, reserved 1114112K
  class space    used 4642K, committed 4864K, reserved 1048576K
}
Event: 4.809 GC heap after
{Heap after GC invocations=10 (full 0):
 garbage-first heap   total 51200K, used 18446K [0x0000000084400000, 0x0000000100000000)
  region size 1024K, 2 young (2048K), 2 survivors (2048K)
 Metaspace       used 35566K, committed 35968K, reserved 1114112K
  class space    used 4642K, committed 4864K, reserved 1048576K
}
Event: 5.505 GC heap before
{Heap before GC invocations=11 (full 0):
 garbage-first heap   total 51200K, used 38926K [0x0000000084400000, 0x0000000100000000)
  region size 1024K, 22 young (22528K), 2 survivors (2048K)
 Metaspace       used 41331K, committed 41792K, reserved 1114112K
  class space    used 5440K, committed 5632K, reserved 1048576K
}
Event: 5.508 GC heap after
{Heap after GC invocations=12 (full 0):
 garbage-first heap   total 51200K, used 19645K [0x0000000084400000, 0x0000000100000000)
  region size 1024K, 2 young (2048K), 2 survivors (2048K)
 Metaspace       used 41331K, committed 41792K, reserved 1114112K
  class space    used 5440K, committed 5632K, reserved 1048576K
}
Event: 5.963 GC heap before
{Heap before GC invocations=12 (full 0):
 garbage-first heap   total 51200K, used 38077K [0x0000000084400000, 0x0000000100000000)
  region size 1024K, 21 young (21504K), 2 survivors (2048K)
 Metaspace       used 47346K, committed 47744K, reserved 1114112K
  class space    used 6292K, committed 6464K, reserved 1048576K
}
Event: 5.966 GC heap after
{Heap after GC invocations=13 (full 0):
 garbage-first heap   total 51200K, used 20970K [0x0000000084400000, 0x0000000100000000)
  region size 1024K, 3 young (3072K), 3 survivors (3072K)
 Metaspace       used 47346K, committed 47744K, reserved 1114112K
  class space    used 6292K, committed 6464K, reserved 1048576K
}
Event: 6.358 GC heap before
{Heap before GC invocations=13 (full 0):
 garbage-first heap   total 51200K, used 40426K [0x0000000084400000, 0x0000000100000000)
  region size 1024K, 22 young (22528K), 3 survivors (3072K)
 Metaspace       used 52073K, committed 52608K, reserved 1114112K
  class space    used 7116K, committed 7360K, reserved 1048576K
}
Event: 6.362 GC heap after
{Heap after GC invocations=14 (full 0):
 garbage-first heap   total 51200K, used 22042K [0x0000000084400000, 0x0000000100000000)
  region size 1024K, 3 young (3072K), 3 survivors (3072K)
 Metaspace       used 52073K, committed 52608K, reserved 1114112K
  class space    used 7116K, committed 7360K, reserved 1048576K
}
Event: 6.660 GC heap before
{Heap before GC invocations=14 (full 0):
 garbage-first heap   total 51200K, used 40474K [0x0000000084400000, 0x0000000100000000)
  region size 1024K, 21 young (21504K), 3 survivors (3072K)
 Metaspace       used 55225K, committed 55744K, reserved 1114112K
  class space    used 7521K, committed 7744K, reserved 1048576K
}
Event: 6.663 GC heap after
{Heap after GC invocations=15 (full 0):
 garbage-first heap   total 51200K, used 23362K [0x0000000084400000, 0x0000000100000000)
  region size 1024K, 3 young (3072K), 3 survivors (3072K)
 Metaspace       used 55225K, committed 55744K, reserved 1114112K
  class space    used 7521K, committed 7744K, reserved 1048576K
}
Event: 6.954 GC heap before
{Heap before GC invocations=15 (full 0):
 garbage-first heap   total 51200K, used 40770K [0x0000000084400000, 0x0000000100000000)
  region size 1024K, 20 young (20480K), 3 survivors (3072K)
 Metaspace       used 56970K, committed 57536K, reserved 1114112K
  class space    used 7766K, committed 8064K, reserved 1048576K
}
Event: 6.958 GC heap after
{Heap after GC invocations=16 (full 0):
 garbage-first heap   total 51200K, used 24962K [0x0000000084400000, 0x0000000100000000)
  region size 1024K, 3 young (3072K), 3 survivors (3072K)
 Metaspace       used 56970K, committed 57536K, reserved 1114112K
  class space    used 7766K, committed 8064K, reserved 1048576K
}

